# JRE version: OpenJDK Runtime Environment Temurin-17.0.6+10 (17.0.6+10) (build 17.0.6+10)
# Java VM: OpenJDK 64-Bit Server VM Temurin-17.0.6+10 (17.0.6+10, mixed mode, tiered, compressed oops, compressed class ptrs, parallel gc, windows-amd64)
GC Precious Log:
 CPUs: 4 total, 4 available
 Memory: 8080M
 Large Page Support: Disabled
 NUMA Support: Disabled
 Compressed Oops: Enabled (32-bit)
 Alignments: Space 512K, Generation 512K, Heap 2M
 Heap Min Capacity: 100M
 Heap Initial Capacity: 100M
 Heap Max Capacity: 1G
 Pre-touch: Disabled
 Parallel Workers: 4
Heap:
 PSYoungGen      total 4096K, used 160K [0x00000000eab00000, 0x00000000eb000000, 0x0000000100000000)
  eden space 3072K, 0% used [0x00000000eab00000,0x00000000eab00000,0x00000000eae00000)
  from space 1024K, 15% used [0x00000000eae00000,0x00000000eae28000,0x00000000eaf00000)
  to   space 512K, 0% used [0x00000000eaf80000,0x00000000eaf80000,0x00000000eb000000)
 ParOldGen       total 255488K, used 254007K [0x00000000c0000000, 0x00000000cf980000, 0x00000000eab00000)
  object space 255488K, 99% used [0x00000000c0000000,0x00000000cf80df20,0x00000000cf980000)
 Metaspace       used 82738K, committed 83712K, reserved 1130496K
  class space    used 8131K, committed 8576K, reserved 1048576K
GC Heap History (20 events):
Event: 4702.264 GC heap after
{Heap after GC invocations=3831 (full 109):
 PSYoungGen      total 3584K, used 499K [0x00000000eab00000, 0x00000000eb000000, 0x0000000100000000)
  eden space 3072K, 0% used [0x00000000eab00000,0x00000000eab00000,0x00000000eae00000)
  from space 512K, 97% used [0x00000000eaf80000,0x00000000eaffcc10,0x00000000eb000000)
  to   space 1024K, 0% used [0x00000000eae00000,0x00000000eae00000,0x00000000eaf00000)
 ParOldGen       total 253440K, used 233247K [0x00000000c0000000, 0x00000000cf780000, 0x00000000eab00000)
  object space 253440K, 92% used [0x00000000c0000000,0x00000000ce3c7eb0,0x00000000cf780000)
 Metaspace       used 82738K, committed 83712K, reserved 1130496K
  class space    used 8131K, committed 8576K, reserved 1048576K
}
Event: 4702.267 GC heap before
{Heap before GC invocations=3832 (full 109):
 PSYoungGen      total 3584K, used 3487K [0x00000000eab00000, 0x00000000eb000000, 0x0000000100000000)
  eden space 3072K, 97% used [0x00000000eab00000,0x00000000eadeb0c0,0x00000000eae00000)
  from space 512K, 97% used [0x00000000eaf80000,0x00000000eaffcc10,0x00000000eb000000)
  to   space 1024K, 0% used [0x00000000eae00000,0x00000000eae00000,0x00000000eaf00000)
 ParOldGen       total 253440K, used 233247K [0x00000000c0000000, 0x00000000cf780000, 0x00000000eab00000)
  object space 253440K, 92% used [0x00000000c0000000,0x00000000ce3c7eb0,0x00000000cf780000)
 Metaspace       used 82738K, committed 83712K, reserved 1130496K
  class space    used 8131K, committed 8576K, reserved 1048576K
}
Event: 4702.268 GC heap after
{Heap after GC invocations=3832 (full 109):
 PSYoungGen      total 4096K, used 599K [0x00000000eab00000, 0x00000000eb000000, 0x0000000100000000)
  eden space 3072K, 0% used [0x00000000eab00000,0x00000000eab00000,0x00000000eae00000)
  from space 1024K, 58% used [0x00000000eae00000,0x00000000eae95d40,0x00000000eaf00000)
  to   space 1024K, 0% used [0x00000000eaf00000,0x00000000eaf00000,0x00000000eb000000)
 ParOldGen       total 253440K, used 235088K [0x00000000c0000000, 0x00000000cf780000, 0x00000000eab00000)
  object space 253440K, 92% used [0x00000000c0000000,0x00000000ce594040,0x00000000cf780000)
 Metaspace       used 82738K, committed 83712K, reserved 1130496K
  class space    used 8131K, committed 8576K, reserved 1048576K
}
Event: 4702.277 GC heap before
{Heap before GC invocations=3833 (full 109):
 PSYoungGen      total 4096K, used 3653K [0x00000000eab00000, 0x00000000eb000000, 0x0000000100000000)
  eden space 3072K, 99% used [0x00000000eab00000,0x00000000eadfba00,0x00000000eae00000)
  from space 1024K, 58% used [0x00000000eae00000,0x00000000eae95d40,0x00000000eaf00000)
  to   space 1024K, 0% used [0x00000000eaf00000,0x00000000eaf00000,0x00000000eb000000)
 ParOldGen       total 253440K, used 236849K [0x00000000c0000000, 0x00000000cf780000, 0x00000000eab00000)
  object space 253440K, 93% used [0x00000000c0000000,0x00000000ce74c560,0x00000000cf780000)
 Metaspace       used 82738K, committed 83712K, reserved 1130496K
  class space    used 8131K, committed 8576K, reserved 1048576K
}
Event: 4702.279 GC heap after
{Heap after GC invocations=3833 (full 109):
 PSYoungGen      total 3584K, used 1015K [0x00000000eab00000, 0x00000000eb100000, 0x0000000100000000)
  eden space 2560K, 0% used [0x00000000eab00000,0x00000000eab00000,0x00000000ead80000)
  from space 1024K, 99% used [0x00000000eaf00000,0x00000000eaffdd40,0x00000000eb000000)
  to   space 1536K, 0% used [0x00000000ead80000,0x00000000ead80000,0x00000000eaf00000)
 ParOldGen       total 253440K, used 236985K [0x00000000c0000000, 0x00000000cf780000, 0x00000000eab00000)
  object space 253440K, 93% used [0x00000000c0000000,0x00000000ce76e560,0x00000000cf780000)
 Metaspace       used 82738K, committed 83712K, reserved 1130496K
  class space    used 8131K, committed 8576K, reserved 1048576K
}
Event: 4702.282 GC heap before
{Heap before GC invocations=3834 (full 109):
 PSYoungGen      total 3584K, used 3571K [0x00000000eab00000, 0x00000000eb100000, 0x0000000100000000)
  eden space 2560K, 99% used [0x00000000eab00000,0x00000000ead7f118,0x00000000ead80000)
  from space 1024K, 99% used [0x00000000eaf00000,0x00000000eaffdd40,0x00000000eb000000)
  to   space 1536K, 0% used [0x00000000ead80000,0x00000000ead80000,0x00000000eaf00000)
 ParOldGen       total 253440K, used 236985K [0x00000000c0000000, 0x00000000cf780000, 0x00000000eab00000)
  object space 253440K, 93% used [0x00000000c0000000,0x00000000ce76e560,0x00000000cf780000)
 Metaspace       used 82738K, committed 83712K, reserved 1130496K
  class space    used 8131K, committed 8576K, reserved 1048576K
}
Event: 4702.283 GC heap after
{Heap after GC invocations=3834 (full 109):
 PSYoungGen      total 4096K, used 481K [0x00000000eab00000, 0x00000000eb000000, 0x0000000100000000)
  eden space 2560K, 0% used [0x00000000eab00000,0x00000000eab00000,0x00000000ead80000)
  from space 1536K, 31% used [0x00000000ead80000,0x00000000eadf8740,0x00000000eaf00000)
  to   space 1024K, 0% used [0x00000000eaf00000,0x00000000eaf00000,0x00000000eb000000)
 ParOldGen       total 253440K, used 239341K [0x00000000c0000000, 0x00000000cf780000, 0x00000000eab00000)
  object space 253440K, 94% used [0x00000000c0000000,0x00000000ce9bb4e0,0x00000000cf780000)
 Metaspace       used 82738K, committed 83712K, reserved 1130496K
  class space    used 8131K, committed 8576K, reserved 1048576K
}
Event: 4702.290 GC heap before
{Heap before GC invocations=3835 (full 109):
 PSYoungGen      total 4096K, used 3041K [0x00000000eab00000, 0x00000000eb000000, 0x0000000100000000)
  eden space 2560K, 100% used [0x00000000eab00000,0x00000000ead80000,0x00000000ead80000)
  from space 1536K, 31% used [0x00000000ead80000,0x00000000eadf8740,0x00000000eaf00000)
  to   space 1024K, 0% used [0x00000000eaf00000,0x00000000eaf00000,0x00000000eb000000)
 ParOldGen       total 253440K, used 241102K [0x00000000c0000000, 0x00000000cf780000, 0x00000000eab00000)
  object space 253440K, 95% used [0x00000000c0000000,0x00000000ceb73a00,0x00000000cf780000)
 Metaspace       used 82738K, committed 83712K, reserved 1130496K
  class space    used 8131K, committed 8576K, reserved 1048576K
}
Event: 4702.292 GC heap after
{Heap after GC invocations=3835 (full 109):
 PSYoungGen      total 3584K, used 640K [0x00000000eab00000, 0x00000000eb000000, 0x0000000100000000)
  eden space 2560K, 0% used [0x00000000eab00000,0x00000000eab00000,0x00000000ead80000)
  from space 1024K, 62% used [0x00000000eaf00000,0x00000000eafa0000,0x00000000eb000000)
  to   space 1024K, 0% used [0x00000000eae00000,0x00000000eae00000,0x00000000eaf00000)
 ParOldGen       total 253440K, used 241238K [0x00000000c0000000, 0x00000000cf780000, 0x00000000eab00000)
  object space 253440K, 95% used [0x00000000c0000000,0x00000000ceb95a00,0x00000000cf780000)
 Metaspace       used 82738K, committed 83712K, reserved 1130496K
  class space    used 8131K, committed 8576K, reserved 1048576K
}
Event: 4702.297 GC heap before
{Heap before GC invocations=3836 (full 109):
 PSYoungGen      total 3584K, used 3200K [0x00000000eab00000, 0x00000000eb000000, 0x0000000100000000)
  eden space 2560K, 100% used [0x00000000eab00000,0x00000000ead80000,0x00000000ead80000)
  from space 1024K, 62% used [0x00000000eaf00000,0x00000000eafa0000,0x00000000eb000000)
  to   space 1024K, 0% used [0x00000000eae00000,0x00000000eae00000,0x00000000eaf00000)
 ParOldGen       total 253440K, used 242999K [0x00000000c0000000, 0x00000000cf780000, 0x00000000eab00000)
  object space 253440K, 95% used [0x00000000c0000000,0x00000000ced4df20,0x00000000cf780000)
 Metaspace       used 82738K, committed 83712K, reserved 1130496K
  class space    used 8131K, committed 8576K, reserved 1048576K
}
Event: 4702.299 GC heap after
{Heap after GC invocations=3836 (full 109):
 PSYoungGen      total 3584K, used 352K [0x00000000eab00000, 0x00000000eaf80000, 0x0000000100000000)
  eden space 2560K, 0% used [0x00000000eab00000,0x00000000eab00000,0x00000000ead80000)
  from space 1024K, 34% used [0x00000000eae00000,0x00000000eae58000,0x00000000eaf00000)
  to   space 512K, 0% used [0x00000000eaf00000,0x00000000eaf00000,0x00000000eaf80000)
 ParOldGen       total 253440K, used 243572K [0x00000000c0000000, 0x00000000cf780000, 0x00000000eab00000)
  object space 253440K, 96% used [0x00000000c0000000,0x00000000ceddd3a0,0x00000000cf780000)
 Metaspace       used 82738K, committed 83712K, reserved 1130496K
  class space    used 8131K, committed 8576K, reserved 1048576K
}
Event: 4702.306 GC heap before
{Heap before GC invocations=3837 (full 109):
 PSYoungGen      total 3584K, used 2684K [0x00000000eab00000, 0x00000000eaf80000, 0x0000000100000000)
  eden space 2560K, 91% used [0x00000000eab00000,0x00000000ead47180,0x00000000ead80000)
  from space 1024K, 34% used [0x00000000eae00000,0x00000000eae58000,0x00000000eaf00000)
  to   space 512K, 0% used [0x00000000eaf00000,0x00000000eaf00000,0x00000000eaf80000)
 ParOldGen       total 253440K, used 245334K [0x00000000c0000000, 0x00000000cf780000, 0x00000000eab00000)
  object space 253440K, 96% used [0x00000000c0000000,0x00000000cef958c0,0x00000000cf780000)
 Metaspace       used 82738K, committed 83712K, reserved 1130496K
  class space    used 8131K, committed 8576K, reserved 1048576K
}
Event: 4702.307 GC heap after
{Heap after GC invocations=3837 (full 109):
 PSYoungGen      total 3072K, used 486K [0x00000000eab00000, 0x00000000eb080000, 0x0000000100000000)
  eden space 2560K, 0% used [0x00000000eab00000,0x00000000eab00000,0x00000000ead80000)
  from space 512K, 94% used [0x00000000eaf00000,0x00000000eaf79870,0x00000000eaf80000)
  to   space 1536K, 0% used [0x00000000ead80000,0x00000000ead80000,0x00000000eaf00000)
 ParOldGen       total 253440K, used 245927K [0x00000000c0000000, 0x00000000cf780000, 0x00000000eab00000)
  object space 253440K, 97% used [0x00000000c0000000,0x00000000cf029d90,0x00000000cf780000)
 Metaspace       used 82738K, committed 83712K, reserved 1130496K
  class space    used 8131K, committed 8576K, reserved 1048576K
}
Event: 4702.310 GC heap before
{Heap before GC invocations=3838 (full 109):
 PSYoungGen      total 3072K, used 3046K [0x00000000eab00000, 0x00000000eb080000, 0x0000000100000000)
  eden space 2560K, 100% used [0x00000000eab00000,0x00000000ead80000,0x00000000ead80000)
  from space 512K, 94% used [0x00000000eaf00000,0x00000000eaf79870,0x00000000eaf80000)
  to   space 1536K, 0% used [0x00000000ead80000,0x00000000ead80000,0x00000000eaf00000)
 ParOldGen       total 253440K, used 245927K [0x00000000c0000000, 0x00000000cf780000, 0x00000000eab00000)
  object space 253440K, 97% used [0x00000000c0000000,0x00000000cf029d90,0x00000000cf780000)
 Metaspace       used 82738K, committed 83712K, reserved 1130496K
  class space    used 8131K, committed 8576K, reserved 1048576K
}
Event: 4702.312 GC heap after
{Heap after GC invocations=3838 (full 109):
 PSYoungGen      total 4096K, used 513K [0x00000000eab00000, 0x00000000eb000000, 0x0000000100000000)
  eden space 2560K, 0% used [0x00000000eab00000,0x00000000eab00000,0x00000000ead80000)
  from space 1536K, 33% used [0x00000000ead80000,0x00000000eae00740,0x00000000eaf00000)
  to   space 1024K, 0% used [0x00000000eaf00000,0x00000000eaf00000,0x00000000eb000000)
 ParOldGen       total 253440K, used 247997K [0x00000000c0000000, 0x00000000cf780000, 0x00000000eab00000)
  object space 253440K, 97% used [0x00000000c0000000,0x00000000cf22f730,0x00000000cf780000)
 Metaspace       used 82738K, committed 83712K, reserved 1130496K
  class space    used 8131K, committed 8576K, reserved 1048576K
}
Event: 4702.317 GC heap before
{Heap before GC invocations=3839 (full 109):
 PSYoungGen      total 4096K, used 3058K [0x00000000eab00000, 0x00000000eb000000, 0x0000000100000000)
  eden space 2560K, 99% used [0x00000000eab00000,0x00000000ead7c400,0x00000000ead80000)
  from space 1536K, 33% used [0x00000000ead80000,0x00000000eae00740,0x00000000eaf00000)
  to   space 1024K, 0% used [0x00000000eaf00000,0x00000000eaf00000,0x00000000eb000000)
 ParOldGen       total 253440K, used 249759K [0x00000000c0000000, 0x00000000cf780000, 0x00000000eab00000)
  object space 253440K, 98% used [0x00000000c0000000,0x00000000cf3e7c50,0x00000000cf780000)
 Metaspace       used 82738K, committed 83712K, reserved 1130496K
  class space    used 8131K, committed 8576K, reserved 1048576K
}
Event: 4702.318 GC heap after
{Heap after GC invocations=3839 (full 109):
 PSYoungGen      total 4096K, used 640K [0x00000000eab00000, 0x00000000eb000000, 0x0000000100000000)
  eden space 3072K, 0% used [0x00000000eab00000,0x00000000eab00000,0x00000000eae00000)
  from space 1024K, 62% used [0x00000000eaf00000,0x00000000eafa0000,0x00000000eb000000)
  to   space 1024K, 0% used [0x00000000eae00000,0x00000000eae00000,0x00000000eaf00000)
 ParOldGen       total 253440K, used 249887K [0x00000000c0000000, 0x00000000cf780000, 0x00000000eab00000)
  object space 253440K, 98% used [0x00000000c0000000,0x00000000cf407c50,0x00000000cf780000)
 Metaspace       used 82738K, committed 83712K, reserved 1130496K
  class space    used 8131K, committed 8576K, reserved 1048576K
}
Event: 4702.322 GC heap before
{Heap before GC invocations=3840 (full 109):
 PSYoungGen      total 4096K, used 3685K [0x00000000eab00000, 0x00000000eb000000, 0x0000000100000000)
  eden space 3072K, 99% used [0x00000000eab00000,0x00000000eadf96c8,0x00000000eae00000)
  from space 1024K, 62% used [0x00000000eaf00000,0x00000000eafa0000,0x00000000eb000000)
  to   space 1024K, 0% used [0x00000000eae00000,0x00000000eae00000,0x00000000eaf00000)
 ParOldGen       total 253440K, used 249887K [0x00000000c0000000, 0x00000000cf780000, 0x00000000eab00000)
  object space 253440K, 98% used [0x00000000c0000000,0x00000000cf407c50,0x00000000cf780000)
 Metaspace       used 82738K, committed 83712K, reserved 1130496K
  class space    used 8131K, committed 8576K, reserved 1048576K
}
Event: 4702.325 GC heap after
{Heap after GC invocations=3840 (full 109):
 PSYoungGen      total 4096K, used 160K [0x00000000eab00000, 0x00000000eb000000, 0x0000000100000000)
  eden space 3072K, 0% used [0x00000000eab00000,0x00000000eab00000,0x00000000eae00000)
  from space 1024K, 15% used [0x00000000eae00000,0x00000000eae28000,0x00000000eaf00000)
  to   space 512K, 0% used [0x00000000eaf80000,0x00000000eaf80000,0x00000000eb000000)
 ParOldGen       total 255488K, used 254007K [0x00000000c0000000, 0x00000000cf980000, 0x00000000eab00000)
  object space 255488K, 99% used [0x00000000c0000000,0x00000000cf80df20,0x00000000cf980000)
 Metaspace       used 82738K, committed 83712K, reserved 1130496K
  class space    used 8131K, committed 8576K, reserved 1048576K
}
Event: 4702.325 GC heap before
{Heap before GC invocations=3841 (full 110):
 PSYoungGen      total 4096K, used 160K [0x00000000eab00000, 0x00000000eb000000, 0x0000000100000000)
  eden space 3072K, 0% used [0x00000000eab00000,0x00000000eab00000,0x00000000eae00000)
  from space 1024K, 15% used [0x00000000eae00000,0x00000000eae28000,0x00000000eaf00000)
  to   space 512K, 0% used [0x00000000eaf80000,0x00000000eaf80000,0x00000000eb000000)
 ParOldGen       total 255488K, used 254007K [0x00000000c0000000, 0x00000000cf980000, 0x00000000eab00000)
  object space 255488K, 99% used [0x00000000c0000000,0x00000000cf80df20,0x00000000cf980000)
 Metaspace       used 82738K, committed 83712K, reserved 1130496K
  class space    used 8131K, committed 8576K, reserved 1048576K
}

